<?xml version="1.0" encoding="UTF-8"?>
<!-- Generated by org.testng.reporters.JUnitXMLReporter -->
<testsuite ignored="2" hostname="prasad-PC" failures="0" tests="1" name="Default test" time="0.127" errors="0" timestamp="2021-12-15T11:03:49 IST">
  <testcase classname="Kite_App_Test2" name="@BeforeClass launchBrowser" time="-1.639546429458E9">
    <failure type="org.testng.TestNGException" message="
Parameter &amp;apos;BrowserName&amp;apos; is required by BeforeClass on method launchBrowser but has not been marked @Optional or defined
in C:\Users\prasad\AppData\Local\Temp\testng-eclipse-400562812\testng-customsuite.xml">
      <![CDATA[org.testng.TestNGException: 
Parameter 'BrowserName' is required by BeforeClass on method launchBrowser but has not been marked @Optional or defined
in C:\Users\prasad\AppData\Local\Temp\testng-eclipse-400562812\testng-customsuite.xml
at org.testng.internal.Parameters.createParams(Parameters.java:270)
at org.testng.internal.Parameters.createParametersForMethod(Parameters.java:358)
at org.testng.internal.Parameters.createParameters(Parameters.java:700)
at org.testng.internal.Parameters.createConfigurationParameters(Parameters.java:168)
at org.testng.internal.ConfigInvoker.invokeConfigurations(ConfigInvoker.java:302)
at org.testng.internal.TestMethodWorker.invokeBeforeClassMethods(TestMethodWorker.java:176)
at org.testng.internal.TestMethodWorker.run(TestMethodWorker.java:122)
at java.base/java.util.ArrayList.forEach(ArrayList.java:1541)
at org.testng.TestRunner.privateRun(TestRunner.java:794)
at org.testng.TestRunner.run(TestRunner.java:596)
at org.testng.SuiteRunner.runTest(SuiteRunner.java:377)
at org.testng.SuiteRunner.runSequentially(SuiteRunner.java:371)
at org.testng.SuiteRunner.privateRun(SuiteRunner.java:332)
at org.testng.SuiteRunner.run(SuiteRunner.java:276)
at org.testng.SuiteRunnerWorker.runSuite(SuiteRunnerWorker.java:53)
at org.testng.SuiteRunnerWorker.run(SuiteRunnerWorker.java:96)
at org.testng.TestNG.runSuitesSequentially(TestNG.java:1212)
at org.testng.TestNG.runSuitesLocally(TestNG.java:1134)
at org.testng.TestNG.runSuites(TestNG.java:1063)
at org.testng.TestNG.run(TestNG.java:1031)
at org.testng.remote.AbstractRemoteTestNG.run(AbstractRemoteTestNG.java:115)
at org.testng.remote.RemoteTestNG.initAndRun(RemoteTestNG.java:251)
at org.testng.remote.RemoteTestNG.main(RemoteTestNG.java:77)
]]>
    </failure>
  </testcase> <!-- @BeforeClass launchBrowser -->
  <testcase classname="Kite_App_Test2" name="@BeforeMethod loginToKite" time="-1.639546429518E9">
    <skipped/>
  </testcase> <!-- @BeforeMethod loginToKite -->
  <testcase classname="Kite_App_Test2" name="@AfterClass CloseBrowser" time="-1.639546429537E9">
    <skipped/>
  </testcase> <!-- @AfterClass CloseBrowser -->
  <testcase classname="Kite_App_Test2" name="validatePasswordErrorMsg" time="0.0">
    <skipped/>
  </testcase> <!-- validatePasswordErrorMsg -->
  <testcase classname="Kite_App_Test2" name="ValidateUserID" time="0.0">
    <ignored/>
  </testcase> <!-- ValidateUserID -->
  <testcase classname="Kite_App_Test2" name="validateErrorMsg" time="0.0">
    <ignored/>
  </testcase> <!-- validateErrorMsg -->
</testsuite> <!-- Default test -->
