<?xml version="1.0" encoding="UTF-8"?>
<!-- Generated by org.testng.reporters.JUnitReportReporter -->
<testsuite hostname="prasad-PC" failures="0" tests="4" name="Kite_App_Test2" time="-1639546496.000" errors="1" timestamp="2021-12-15T11:03:49 IST" skipped="3">
  <testcase classname="Kite_App_Test2" name="validatePasswordErrorMsg" time="0.000">
    <skipped/>
  </testcase> <!-- validatePasswordErrorMsg -->
  <system-out/>
  <testcase classname="Kite_App_Test2" name="launchBrowser" time="-1639546496.000">
    <error message="
Parameter &#039;BrowserName&#039; is required by BeforeClass on method launchBrowser but has not been marked @Optional or defined
in C:\Users\prasad\AppData\Local\Temp\testng-eclipse-400562812\testng-customsuite.xml" type="org.testng.TestNGException">
      <![CDATA[org.testng.TestNGException: 
Parameter 'BrowserName' is required by BeforeClass on method launchBrowser but has not been marked @Optional or defined
in C:\Users\prasad\AppData\Local\Temp\testng-eclipse-400562812\testng-customsuite.xml
at org.testng.internal.Parameters.createParams(Parameters.java:270)
at org.testng.internal.Parameters.createParametersForMethod(Parameters.java:358)
at org.testng.internal.Parameters.createParameters(Parameters.java:700)
at org.testng.internal.Parameters.createConfigurationParameters(Parameters.java:168)
at org.testng.internal.ConfigInvoker.invokeConfigurations(ConfigInvoker.java:302)
at org.testng.internal.TestMethodWorker.invokeBeforeClassMethods(TestMethodWorker.java:176)
at org.testng.internal.TestMethodWorker.run(TestMethodWorker.java:122)
at java.base/java.util.ArrayList.forEach(ArrayList.java:1541)
at org.testng.TestRunner.privateRun(TestRunner.java:794)
at org.testng.TestRunner.run(TestRunner.java:596)
at org.testng.SuiteRunner.runTest(SuiteRunner.java:377)
at org.testng.SuiteRunner.runSequentially(SuiteRunner.java:371)
at org.testng.SuiteRunner.privateRun(SuiteRunner.java:332)
at org.testng.SuiteRunner.run(SuiteRunner.java:276)
at org.testng.SuiteRunnerWorker.runSuite(SuiteRunnerWorker.java:53)
at org.testng.SuiteRunnerWorker.run(SuiteRunnerWorker.java:96)
at org.testng.TestNG.runSuitesSequentially(TestNG.java:1212)
at org.testng.TestNG.runSuitesLocally(TestNG.java:1134)
at org.testng.TestNG.runSuites(TestNG.java:1063)
at org.testng.TestNG.run(TestNG.java:1031)
at org.testng.remote.AbstractRemoteTestNG.run(AbstractRemoteTestNG.java:115)
at org.testng.remote.RemoteTestNG.initAndRun(RemoteTestNG.java:251)
at org.testng.remote.RemoteTestNG.main(RemoteTestNG.java:77)
]]>
    </error>
  </testcase> <!-- launchBrowser -->
  <system-out/>
  <testcase classname="Kite_App_Test2" name="ValidateUserID">
    <skipped/>
  </testcase> <!-- ValidateUserID -->
  <system-out/>
  <testcase classname="Kite_App_Test2" name="validateErrorMsg">
    <skipped/>
  </testcase> <!-- validateErrorMsg -->
  <system-out/>
</testsuite> <!-- Kite_App_Test2 -->
