<?xml version="1.0" encoding="UTF-8"?>
<!-- Generated by org.testng.reporters.JUnitXMLReporter -->
<testsuite ignored="6" hostname="prasad-PC" failures="0" tests="3" name="Test" time="0.208" errors="0" timestamp="2021-12-15T11:30:59 IST">
  <testcase classname="TestClass.Kite_App_Test3" name="@BeforeClass launchBrowser" time="-1.639548058882E9">
    <failure type="org.testng.TestNGException" message="
Parameter &amp;apos;BrowserName&amp;apos; is required by BeforeClass on method launchBrowser but has not been marked @Optional or defined
in C:\Users\prasad\eclipse-workspace\AutomationTest\ Maven_testng.xml">
      <![CDATA[org.testng.TestNGException: 
Parameter 'BrowserName' is required by BeforeClass on method launchBrowser but has not been marked @Optional or defined
in C:\Users\prasad\eclipse-workspace\AutomationTest\ Maven_testng.xml
at java.base/java.util.ArrayList.forEach(ArrayList.java:1541)
... Removed 22 stack frames]]>
    </failure>
  </testcase> <!-- @BeforeClass launchBrowser -->
  <testcase classname="TestClass.Kite_App_Test3" name="@BeforeMethod loginToKite" time="-1.639548058961E9">
    <skipped/>
  </testcase> <!-- @BeforeMethod loginToKite -->
  <testcase classname="TestClass.Kite_App_Test3" name="@AfterClass CloseBrowser" time="-1.639548058983E9">
    <skipped/>
  </testcase> <!-- @AfterClass CloseBrowser -->
  <testcase classname="TestClass.Kite_App_Test2" name="@BeforeClass launchBrowser" time="-1.639548058991E9">
    <failure type="org.testng.TestNGException" message="
Parameter &amp;apos;BrowserName&amp;apos; is required by BeforeClass on method launchBrowser but has not been marked @Optional or defined
in C:\Users\prasad\eclipse-workspace\AutomationTest\ Maven_testng.xml">
      <![CDATA[org.testng.TestNGException: 
Parameter 'BrowserName' is required by BeforeClass on method launchBrowser but has not been marked @Optional or defined
in C:\Users\prasad\eclipse-workspace\AutomationTest\ Maven_testng.xml
at java.base/java.util.ArrayList.forEach(ArrayList.java:1541)
... Removed 22 stack frames]]>
    </failure>
  </testcase> <!-- @BeforeClass launchBrowser -->
  <testcase classname="TestClass.Kite_App_Test2" name="@BeforeMethod loginToKite" time="-1.639548059007E9">
    <skipped/>
  </testcase> <!-- @BeforeMethod loginToKite -->
  <testcase classname="TestClass.Kite_App_Test2" name="@AfterClass CloseBrowser" time="-1.63954805902E9">
    <skipped/>
  </testcase> <!-- @AfterClass CloseBrowser -->
  <testcase classname="TestClass.Kite_App_Test1" name="@BeforeClass launchBrowser" time="-1.639548059023E9">
    <failure type="org.testng.TestNGException" message="
Parameter &amp;apos;BrowserName&amp;apos; is required by BeforeClass on method launchBrowser but has not been marked @Optional or defined
in C:\Users\prasad\eclipse-workspace\AutomationTest\ Maven_testng.xml">
      <![CDATA[org.testng.TestNGException: 
Parameter 'BrowserName' is required by BeforeClass on method launchBrowser but has not been marked @Optional or defined
in C:\Users\prasad\eclipse-workspace\AutomationTest\ Maven_testng.xml
at java.base/java.util.ArrayList.forEach(ArrayList.java:1541)
... Removed 22 stack frames]]>
    </failure>
  </testcase> <!-- @BeforeClass launchBrowser -->
  <testcase classname="TestClass.Kite_App_Test1" name="@BeforeMethod loginToKite" time="-1.639548059027E9">
    <skipped/>
  </testcase> <!-- @BeforeMethod loginToKite -->
  <testcase classname="TestClass.Kite_App_Test1" name="@AfterMethod LogOutFromKite" time="-1.639548059046E9">
    <skipped/>
  </testcase> <!-- @AfterMethod LogOutFromKite -->
  <testcase classname="TestClass.Kite_App_Test1" name="@AfterClass CloseBrowser" time="-1.639548059048E9">
    <skipped/>
  </testcase> <!-- @AfterClass CloseBrowser -->
  <testcase classname="TestClass.Kite_App_Test3" name="validateUserNameMsg" time="0.0">
    <skipped/>
  </testcase> <!-- validateUserNameMsg -->
  <testcase classname="TestClass.Kite_App_Test2" name="validatePasswordErrorMsg" time="0.0">
    <skipped/>
  </testcase> <!-- validatePasswordErrorMsg -->
  <testcase classname="TestClass.Kite_App_Test1" name="ValidateUserID" time="0.0">
    <skipped/>
  </testcase> <!-- ValidateUserID -->
  <testcase classname="TestClass.Kite_App_Test2" name="ValidateUserID" time="0.0">
    <ignored/>
  </testcase> <!-- ValidateUserID -->
  <testcase classname="TestClass.Kite_App_Test2" name="validateErrorMsg" time="0.0">
    <ignored/>
  </testcase> <!-- validateErrorMsg -->
  <testcase classname="TestClass.Kite_App_Test3" name="validatePasswordErrorMsg" time="0.0">
    <ignored/>
  </testcase> <!-- validatePasswordErrorMsg -->
  <testcase classname="TestClass.Kite_App_Test3" name="ValidateUserID" time="0.0">
    <ignored/>
  </testcase> <!-- ValidateUserID -->
  <testcase classname="TestClass.Kite_App_Test3" name="validateErrorMsg" time="0.0">
    <ignored/>
  </testcase> <!-- validateErrorMsg -->
  <testcase classname="TestClass.Kite_App_Test1" name="validateUserIDErrorMsg" time="0.0">
    <ignored/>
  </testcase> <!-- validateUserIDErrorMsg -->
</testsuite> <!-- Test -->
